TSError: ⨯ Unable to compile TypeScript:
src/JFramework/Managers/EmailDataManager.ts(66,19): error TS2304: Cannot find name 'btnLink'.

    at createTSError (C:\Users\jimen\Documents\AZ\CodeFiles\CodeProyects\JavaScript Proyects\FinanzasHogar\Server\node_modules\ts-node\src\index.ts:859:12)
    at reportTSError (C:\Users\jimen\Documents\AZ\CodeFiles\CodeProyects\JavaScript Proyects\FinanzasHogar\Server\node_modules\ts-node\src\index.ts:863:19)
    at getOutput (C:\Users\jimen\Documents\AZ\CodeFiles\CodeProyects\JavaScript Proyects\FinanzasHogar\Server\node_modules\ts-node\src\index.ts:1077:36)
    at Object.compile (C:\Users\jimen\Documents\AZ\CodeFiles\CodeProyects\JavaScript Proyects\FinanzasHogar\Server\node_modules\ts-node\src\index.ts:1433:41)
    at Module.m._compile (C:\Users\jimen\Documents\AZ\CodeFiles\CodeProyects\JavaScript Proyects\FinanzasHogar\Server\node_modules\ts-node\src\index.ts:1617:30)
    at node:internal/modules/cjs/loader:1689:10
    at Object.require.extensions.<computed> [as .ts] (C:\Users\jimen\Documents\AZ\CodeFiles\CodeProyects\JavaScript Proyects\FinanzasHogar\Server\node_modules\ts-node\src\index.ts:1621:12)
    at Module.load (node:internal/modules/cjs/loader:1318:32)
    at Function._load (node:internal/modules/cjs/loader:1128:12)
    at TracingChannel.traceSync (node:diagnostics_channel:315:14)
Channel is already closed can't broadcast error:
TypeError: Converting circular structure to JSON
    --> starting at object with constructor 'SourceFileObject'
    |     property 'statements' -> object with constructor 'Array'
    |     index 0 -> object with constructor 'NodeObject'
    --- property 'parent' closes the circle
    at stringify (<anonymous>)
    at writeChannelMessage (node:internal/child_process/serialization:159:20)
    at process.target._send (node:internal/child_process:851:17)
    at process.target.send (node:internal/child_process:751:19)
    at process.send (C:\Users\jimen\Documents\AZ\CodeFiles\CodeProyects\JavaScript Proyects\FinanzasHogar\Server\node_modules\pm2\lib\ProcessContainer.js:52:21)
    at process.uncaughtListener (C:\Users\jimen\Documents\AZ\CodeFiles\CodeProyects\JavaScript Proyects\FinanzasHogar\Server\node_modules\pm2\lib\ProcessContainer.js:276:19)
    at process.emit (node:events:530:35)
    at process.emit (node:domain:489:12)
    at process.emit.sharedData.processEmitHook.installedValue [as emit] (C:\Users\jimen\Documents\AZ\CodeFiles\CodeProyects\JavaScript Proyects\FinanzasHogar\Server\node_modules\@cspotcode\source-map-support\source-map-support.js:745:40)
    at process._fatalException (node:internal/process/execution:191:25)
TSError: ⨯ Unable to compile TypeScript:
src/Application/Services/AuthenticationService.ts(146,11): error TS2322: Type 'string | undefined' is not assignable to type 'string'.
  Type 'undefined' is not assignable to type 'string'.

    at createTSError (C:\Users\jimen\Documents\AZ\CodeFiles\CodeProyects\JavaScript Proyects\FinanzasHogar\Server\node_modules\ts-node\src\index.ts:859:12)
    at reportTSError (C:\Users\jimen\Documents\AZ\CodeFiles\CodeProyects\JavaScript Proyects\FinanzasHogar\Server\node_modules\ts-node\src\index.ts:863:19)
    at getOutput (C:\Users\jimen\Documents\AZ\CodeFiles\CodeProyects\JavaScript Proyects\FinanzasHogar\Server\node_modules\ts-node\src\index.ts:1077:36)
    at Object.compile (C:\Users\jimen\Documents\AZ\CodeFiles\CodeProyects\JavaScript Proyects\FinanzasHogar\Server\node_modules\ts-node\src\index.ts:1433:41)
    at Module.m._compile (C:\Users\jimen\Documents\AZ\CodeFiles\CodeProyects\JavaScript Proyects\FinanzasHogar\Server\node_modules\ts-node\src\index.ts:1617:30)
    at node:internal/modules/cjs/loader:1689:10
    at Object.require.extensions.<computed> [as .ts] (C:\Users\jimen\Documents\AZ\CodeFiles\CodeProyects\JavaScript Proyects\FinanzasHogar\Server\node_modules\ts-node\src\index.ts:1621:12)
    at Module.load (node:internal/modules/cjs/loader:1318:32)
    at Function._load (node:internal/modules/cjs/loader:1128:12)
    at TracingChannel.traceSync (node:diagnostics_channel:315:14)
Channel is already closed can't broadcast error:
TypeError: Converting circular structure to JSON
    --> starting at object with constructor 'SourceFileObject'
    |     property 'statements' -> object with constructor 'Array'
    |     index 0 -> object with constructor 'NodeObject'
    --- property 'parent' closes the circle
    at stringify (<anonymous>)
    at writeChannelMessage (node:internal/child_process/serialization:159:20)
    at process.target._send (node:internal/child_process:851:17)
    at process.target.send (node:internal/child_process:751:19)
    at process.send (C:\Users\jimen\Documents\AZ\CodeFiles\CodeProyects\JavaScript Proyects\FinanzasHogar\Server\node_modules\pm2\lib\ProcessContainer.js:52:21)
    at process.uncaughtListener (C:\Users\jimen\Documents\AZ\CodeFiles\CodeProyects\JavaScript Proyects\FinanzasHogar\Server\node_modules\pm2\lib\ProcessContainer.js:276:19)
    at process.emit (node:events:530:35)
    at process.emit (node:domain:489:12)
    at process.emit.sharedData.processEmitHook.installedValue [as emit] (C:\Users\jimen\Documents\AZ\CodeFiles\CodeProyects\JavaScript Proyects\FinanzasHogar\Server\node_modules\@cspotcode\source-map-support\source-map-support.js:745:40)
    at process._fatalException (node:internal/process/execution:191:25)
TSError: ⨯ Unable to compile TypeScript:
src/Application/Services/AuthenticationService.ts(124,13): error TS2304: Cannot find name 'user'.
src/Application/Services/AuthenticationService.ts(129,67): error TS2304: Cannot find name 'user'.
src/Application/Services/AuthenticationService.ts(134,11): error TS2304: Cannot find name 'user'.
src/Application/Services/AuthenticationService.ts(135,11): error TS2304: Cannot find name 'user'.
src/Application/Services/AuthenticationService.ts(136,11): error TS2304: Cannot find name 'user'.

    at createTSError (C:\Users\jimen\Documents\AZ\CodeFiles\CodeProyects\JavaScript Proyects\FinanzasHogar\Server\node_modules\ts-node\src\index.ts:859:12)
    at reportTSError (C:\Users\jimen\Documents\AZ\CodeFiles\CodeProyects\JavaScript Proyects\FinanzasHogar\Server\node_modules\ts-node\src\index.ts:863:19)
    at getOutput (C:\Users\jimen\Documents\AZ\CodeFiles\CodeProyects\JavaScript Proyects\FinanzasHogar\Server\node_modules\ts-node\src\index.ts:1077:36)
    at Object.compile (C:\Users\jimen\Documents\AZ\CodeFiles\CodeProyects\JavaScript Proyects\FinanzasHogar\Server\node_modules\ts-node\src\index.ts:1433:41)
    at Module.m._compile (C:\Users\jimen\Documents\AZ\CodeFiles\CodeProyects\JavaScript Proyects\FinanzasHogar\Server\node_modules\ts-node\src\index.ts:1617:30)
    at node:internal/modules/cjs/loader:1689:10
    at Object.require.extensions.<computed> [as .ts] (C:\Users\jimen\Documents\AZ\CodeFiles\CodeProyects\JavaScript Proyects\FinanzasHogar\Server\node_modules\ts-node\src\index.ts:1621:12)
    at Module.load (node:internal/modules/cjs/loader:1318:32)
    at Function._load (node:internal/modules/cjs/loader:1128:12)
    at TracingChannel.traceSync (node:diagnostics_channel:315:14)
Channel is already closed can't broadcast error:
TypeError: Converting circular structure to JSON
    --> starting at object with constructor 'SourceFileObject'
    |     property 'statements' -> object with constructor 'Array'
    |     index 0 -> object with constructor 'NodeObject'
    --- property 'parent' closes the circle
    at stringify (<anonymous>)
    at writeChannelMessage (node:internal/child_process/serialization:159:20)
    at process.target._send (node:internal/child_process:851:17)
    at process.target.send (node:internal/child_process:751:19)
    at process.send (C:\Users\jimen\Documents\AZ\CodeFiles\CodeProyects\JavaScript Proyects\FinanzasHogar\Server\node_modules\pm2\lib\ProcessContainer.js:52:21)
    at process.uncaughtListener (C:\Users\jimen\Documents\AZ\CodeFiles\CodeProyects\JavaScript Proyects\FinanzasHogar\Server\node_modules\pm2\lib\ProcessContainer.js:276:19)
    at process.emit (node:events:530:35)
    at process.emit (node:domain:489:12)
    at process.emit.sharedData.processEmitHook.installedValue [as emit] (C:\Users\jimen\Documents\AZ\CodeFiles\CodeProyects\JavaScript Proyects\FinanzasHogar\Server\node_modules\@cspotcode\source-map-support\source-map-support.js:745:40)
    at process._fatalException (node:internal/process/execution:191:25)
TSError: ⨯ Unable to compile TypeScript:
src/Application/Services/AuthenticationService.ts(113,60): error TS2554: Expected 2 arguments, but got 3.
src/Application/Services/AuthenticationService.ts(189,88): error TS2366: Function lacks ending return statement and return type does not include 'undefined'.

    at createTSError (C:\Users\jimen\Documents\AZ\CodeFiles\CodeProyects\JavaScript Proyects\FinanzasHogar\Server\node_modules\ts-node\src\index.ts:859:12)
    at reportTSError (C:\Users\jimen\Documents\AZ\CodeFiles\CodeProyects\JavaScript Proyects\FinanzasHogar\Server\node_modules\ts-node\src\index.ts:863:19)
    at getOutput (C:\Users\jimen\Documents\AZ\CodeFiles\CodeProyects\JavaScript Proyects\FinanzasHogar\Server\node_modules\ts-node\src\index.ts:1077:36)
    at Object.compile (C:\Users\jimen\Documents\AZ\CodeFiles\CodeProyects\JavaScript Proyects\FinanzasHogar\Server\node_modules\ts-node\src\index.ts:1433:41)
    at Module.m._compile (C:\Users\jimen\Documents\AZ\CodeFiles\CodeProyects\JavaScript Proyects\FinanzasHogar\Server\node_modules\ts-node\src\index.ts:1617:30)
    at node:internal/modules/cjs/loader:1689:10
    at Object.require.extensions.<computed> [as .ts] (C:\Users\jimen\Documents\AZ\CodeFiles\CodeProyects\JavaScript Proyects\FinanzasHogar\Server\node_modules\ts-node\src\index.ts:1621:12)
    at Module.load (node:internal/modules/cjs/loader:1318:32)
    at Function._load (node:internal/modules/cjs/loader:1128:12)
    at TracingChannel.traceSync (node:diagnostics_channel:315:14)
Channel is already closed can't broadcast error:
TypeError: Converting circular structure to JSON
    --> starting at object with constructor 'SourceFileObject'
    |     property 'statements' -> object with constructor 'Array'
    |     index 0 -> object with constructor 'NodeObject'
    --- property 'parent' closes the circle
    at stringify (<anonymous>)
    at writeChannelMessage (node:internal/child_process/serialization:159:20)
    at process.target._send (node:internal/child_process:851:17)
    at process.target.send (node:internal/child_process:751:19)
    at process.send (C:\Users\jimen\Documents\AZ\CodeFiles\CodeProyects\JavaScript Proyects\FinanzasHogar\Server\node_modules\pm2\lib\ProcessContainer.js:52:21)
    at process.uncaughtListener (C:\Users\jimen\Documents\AZ\CodeFiles\CodeProyects\JavaScript Proyects\FinanzasHogar\Server\node_modules\pm2\lib\ProcessContainer.js:276:19)
    at process.emit (node:events:530:35)
    at process.emit (node:domain:489:12)
    at process.emit.sharedData.processEmitHook.installedValue [as emit] (C:\Users\jimen\Documents\AZ\CodeFiles\CodeProyects\JavaScript Proyects\FinanzasHogar\Server\node_modules\@cspotcode\source-map-support\source-map-support.js:745:40)
    at process._fatalException (node:internal/process/execution:191:25)
TSError: ⨯ Unable to compile TypeScript:
src/Application/Services/AuthenticationService.ts(113,60): error TS2554: Expected 2 arguments, but got 3.

    at createTSError (C:\Users\jimen\Documents\AZ\CodeFiles\CodeProyects\JavaScript Proyects\FinanzasHogar\Server\node_modules\ts-node\src\index.ts:859:12)
    at reportTSError (C:\Users\jimen\Documents\AZ\CodeFiles\CodeProyects\JavaScript Proyects\FinanzasHogar\Server\node_modules\ts-node\src\index.ts:863:19)
    at getOutput (C:\Users\jimen\Documents\AZ\CodeFiles\CodeProyects\JavaScript Proyects\FinanzasHogar\Server\node_modules\ts-node\src\index.ts:1077:36)
    at Object.compile (C:\Users\jimen\Documents\AZ\CodeFiles\CodeProyects\JavaScript Proyects\FinanzasHogar\Server\node_modules\ts-node\src\index.ts:1433:41)
    at Module.m._compile (C:\Users\jimen\Documents\AZ\CodeFiles\CodeProyects\JavaScript Proyects\FinanzasHogar\Server\node_modules\ts-node\src\index.ts:1617:30)
    at node:internal/modules/cjs/loader:1689:10
    at Object.require.extensions.<computed> [as .ts] (C:\Users\jimen\Documents\AZ\CodeFiles\CodeProyects\JavaScript Proyects\FinanzasHogar\Server\node_modules\ts-node\src\index.ts:1621:12)
    at Module.load (node:internal/modules/cjs/loader:1318:32)
    at Function._load (node:internal/modules/cjs/loader:1128:12)
    at TracingChannel.traceSync (node:diagnostics_channel:315:14)
Channel is already closed can't broadcast error:
TypeError: Converting circular structure to JSON
    --> starting at object with constructor 'SourceFileObject'
    |     property 'statements' -> object with constructor 'Array'
    |     index 0 -> object with constructor 'NodeObject'
    --- property 'parent' closes the circle
    at stringify (<anonymous>)
    at writeChannelMessage (node:internal/child_process/serialization:159:20)
    at process.target._send (node:internal/child_process:851:17)
    at process.target.send (node:internal/child_process:751:19)
    at process.send (C:\Users\jimen\Documents\AZ\CodeFiles\CodeProyects\JavaScript Proyects\FinanzasHogar\Server\node_modules\pm2\lib\ProcessContainer.js:52:21)
    at process.uncaughtListener (C:\Users\jimen\Documents\AZ\CodeFiles\CodeProyects\JavaScript Proyects\FinanzasHogar\Server\node_modules\pm2\lib\ProcessContainer.js:276:19)
    at process.emit (node:events:530:35)
    at process.emit (node:domain:489:12)
    at process.emit.sharedData.processEmitHook.installedValue [as emit] (C:\Users\jimen\Documents\AZ\CodeFiles\CodeProyects\JavaScript Proyects\FinanzasHogar\Server\node_modules\@cspotcode\source-map-support\source-map-support.js:745:40)
    at process._fatalException (node:internal/process/execution:191:25)
