2025-02-25 09:00:37: [34m[INFO][0m | El CONFIGURATION [ApplicationServer] ha ejecutado el método [START]
2025-02-25 09:00:37: [34m[INFO][0m | El MANAGER [ServiceManager] ha ejecutado el método [AddAplicationContext]
2025-02-25 09:00:37: [34m[INFO][0m | Resolviendo servicio: applicationContext
2025-02-25 09:00:37: [34m[INFO][0m | El MANAGER [CacheManager] ha ejecutado el método [CreateClient]
2025-02-25 09:00:37: [34m[INFO][0m | Resolviendo servicio: cacheClient
2025-02-25 09:00:37: [38;2;213;0;0m[FATAL] | Ha ocurrido un error en el MANAGER [ServiceManager] en el método [No se pudo resolver el servicio: cacheClient] {}
2025-02-25 09:00:37: [38;2;213;0;0m[FATAL] | Ha ocurrido un error en el CONFIGURATION [Startup] en el método [ConfigurationServices] {
  "requestID": "NO_REQUEST_ID",
  "errorName": "InternalServerError",
  "status": 500,
  "message": "Could not resolve 'cacheClient'.\n\nResolution path: cacheClient",
  "details": {
    "path": "C:\\Users\\jimen\\Documents\\AZ\\CodeFiles\\CodeProyects\\JavaScript Proyects\\FinanzasHogar\\Server\\src\\JFramework\\Managers\\ServiceManager.ts",
    "innerException": "AwilixResolutionError: Could not resolve 'cacheClient'.\n\nResolution path: cacheClient\n    at Object.resolve (C:\\Users\\jimen\\Documents\\AZ\\CodeFiles\\CodeProyects\\JavaScript Proyects\\FinanzasHogar\\Server\\node_modules\\awilix\\src\\container.ts:528:15)\n    at ServiceManager.Resolve (C:\\Users\\jimen\\Documents\\AZ\\CodeFiles\\CodeProyects\\JavaScript Proyects\\FinanzasHogar\\Server\\src\\JFramework\\Managers\\ServiceManager.ts:61:31)\n    at ServiceManager.AddRateLimiter (C:\\Users\\jimen\\Documents\\AZ\\CodeFiles\\CodeProyects\\JavaScript Proyects\\FinanzasHogar\\Server\\src\\JFramework\\Managers\\ServiceManager.ts:213:30)\n    at Startup.<anonymous> (C:\\Users\\jimen\\Documents\\AZ\\CodeFiles\\CodeProyects\\JavaScript Proyects\\FinanzasHogar\\Server\\src\\API\\Server\\Startup.ts:87:16)\n    at Generator.next (<anonymous>)\n    at C:\\Users\\jimen\\Documents\\AZ\\CodeFiles\\CodeProyects\\JavaScript Proyects\\FinanzasHogar\\Server\\src\\API\\Server\\Startup.ts:8:71\n    at new Promise (<anonymous>)\n    at __awaiter (C:\\Users\\jimen\\Documents\\AZ\\CodeFiles\\CodeProyects\\JavaScript Proyects\\FinanzasHogar\\Server\\src\\API\\Server\\Startup.ts:4:12)\n    at Startup.ConfigurationServices (C:\\Users\\jimen\\Documents\\AZ\\CodeFiles\\CodeProyects\\JavaScript Proyects\\FinanzasHogar\\Server\\src\\API\\Server\\Startup.ts:79:78)\n    at ApplicationServer.<anonymous> (C:\\Users\\jimen\\Documents\\AZ\\CodeFiles\\CodeProyects\\JavaScript Proyects\\FinanzasHogar\\Server\\src\\JFramework\\Application\\ApplicationServer.ts:134:27)",
    "methodName": "Resolve"
  }
}
2025-02-25 09:00:38: [34m[INFO][0m | El servidor está corriendo en el puerto 5000
2025-02-25 09:01:18: [34m[INFO][0m | El CONFIGURATION [ApplicationServer] ha ejecutado el método [START]
2025-02-25 09:01:18: [34m[INFO][0m | El MANAGER [ServiceManager] ha ejecutado el método [AddAplicationContext]
2025-02-25 09:01:18: [34m[INFO][0m | Resolviendo servicio: applicationContext
2025-02-25 09:01:18: [34m[INFO][0m | El MANAGER [CacheManager] ha ejecutado el método [CreateClient]
2025-02-25 09:01:18: [34m[INFO][0m | Resolviendo servicio: cacheClient
2025-02-25 09:01:18: [38;2;213;0;0m[FATAL] | Ha ocurrido un error en el MANAGER [ServiceManager] en el método [No se pudo resolver el servicio: cacheClient] {}
2025-02-25 09:01:18: [38;2;213;0;0m[FATAL] | Ha ocurrido un error en el CONFIGURATION [Startup] en el método [ConfigurationServices] {
  "requestID": "NO_REQUEST_ID",
  "errorName": "InternalServerError",
  "status": 500,
  "message": "Could not resolve 'cacheClient'.\n\nResolution path: cacheClient",
  "details": {
    "path": "C:\\Users\\jimen\\Documents\\AZ\\CodeFiles\\CodeProyects\\JavaScript Proyects\\FinanzasHogar\\Server\\src\\JFramework\\Managers\\ServiceManager.ts",
    "innerException": "AwilixResolutionError: Could not resolve 'cacheClient'.\n\nResolution path: cacheClient\n    at Object.resolve (C:\\Users\\jimen\\Documents\\AZ\\CodeFiles\\CodeProyects\\JavaScript Proyects\\FinanzasHogar\\Server\\node_modules\\awilix\\src\\container.ts:528:15)\n    at ServiceManager.Resolve (C:\\Users\\jimen\\Documents\\AZ\\CodeFiles\\CodeProyects\\JavaScript Proyects\\FinanzasHogar\\Server\\src\\JFramework\\Managers\\ServiceManager.ts:61:31)\n    at ServiceManager.AddRateLimiter (C:\\Users\\jimen\\Documents\\AZ\\CodeFiles\\CodeProyects\\JavaScript Proyects\\FinanzasHogar\\Server\\src\\JFramework\\Managers\\ServiceManager.ts:213:30)\n    at Startup.<anonymous> (C:\\Users\\jimen\\Documents\\AZ\\CodeFiles\\CodeProyects\\JavaScript Proyects\\FinanzasHogar\\Server\\src\\API\\Server\\Startup.ts:87:16)\n    at Generator.next (<anonymous>)\n    at C:\\Users\\jimen\\Documents\\AZ\\CodeFiles\\CodeProyects\\JavaScript Proyects\\FinanzasHogar\\Server\\src\\API\\Server\\Startup.ts:8:71\n    at new Promise (<anonymous>)\n    at __awaiter (C:\\Users\\jimen\\Documents\\AZ\\CodeFiles\\CodeProyects\\JavaScript Proyects\\FinanzasHogar\\Server\\src\\API\\Server\\Startup.ts:4:12)\n    at Startup.ConfigurationServices (C:\\Users\\jimen\\Documents\\AZ\\CodeFiles\\CodeProyects\\JavaScript Proyects\\FinanzasHogar\\Server\\src\\API\\Server\\Startup.ts:79:78)\n    at ApplicationServer.<anonymous> (C:\\Users\\jimen\\Documents\\AZ\\CodeFiles\\CodeProyects\\JavaScript Proyects\\FinanzasHogar\\Server\\src\\JFramework\\Application\\ApplicationServer.ts:134:27)",
    "methodName": "Resolve"
  }
}
2025-02-25 09:01:18: [34m[INFO][0m | El servidor está corriendo en el puerto 5000
2025-02-25 09:02:24: [34m[INFO][0m | El CONFIGURATION [ApplicationServer] ha ejecutado el método [START]
2025-02-25 09:02:24: [34m[INFO][0m | El MANAGER [ServiceManager] ha ejecutado el método [AddAplicationContext]
2025-02-25 09:02:24: [34m[INFO][0m | Resolviendo servicio: applicationContext
2025-02-25 09:02:24: [34m[INFO][0m | El MANAGER [CacheManager] ha ejecutado el método [CreateClient]
2025-02-25 09:02:24: [34m[INFO][0m | Resolviendo servicio: cacheClient
2025-02-25 09:02:24: [38;2;213;0;0m[FATAL] | Ha ocurrido un error en el MANAGER [ServiceManager] en el método [No se pudo resolver el servicio: cacheClient] {}
2025-02-25 09:02:24: [38;2;213;0;0m[FATAL] | Ha ocurrido un error en el CONFIGURATION [Startup] en el método [ConfigurationServices] {
  "requestID": "NO_REQUEST_ID",
  "errorName": "InternalServerError",
  "status": 500,
  "message": "Could not resolve 'cacheClient'.\n\nResolution path: cacheClient",
  "details": {
    "path": "C:\\Users\\jimen\\Documents\\AZ\\CodeFiles\\CodeProyects\\JavaScript Proyects\\FinanzasHogar\\Server\\src\\JFramework\\Managers\\ServiceManager.ts",
    "innerException": "AwilixResolutionError: Could not resolve 'cacheClient'.\n\nResolution path: cacheClient\n    at Object.resolve (C:\\Users\\jimen\\Documents\\AZ\\CodeFiles\\CodeProyects\\JavaScript Proyects\\FinanzasHogar\\Server\\node_modules\\awilix\\src\\container.ts:528:15)\n    at ServiceManager.Resolve (C:\\Users\\jimen\\Documents\\AZ\\CodeFiles\\CodeProyects\\JavaScript Proyects\\FinanzasHogar\\Server\\src\\JFramework\\Managers\\ServiceManager.ts:61:31)\n    at ServiceManager.AddRateLimiter (C:\\Users\\jimen\\Documents\\AZ\\CodeFiles\\CodeProyects\\JavaScript Proyects\\FinanzasHogar\\Server\\src\\JFramework\\Managers\\ServiceManager.ts:213:30)\n    at Startup.<anonymous> (C:\\Users\\jimen\\Documents\\AZ\\CodeFiles\\CodeProyects\\JavaScript Proyects\\FinanzasHogar\\Server\\src\\API\\Server\\Startup.ts:87:16)\n    at Generator.next (<anonymous>)\n    at C:\\Users\\jimen\\Documents\\AZ\\CodeFiles\\CodeProyects\\JavaScript Proyects\\FinanzasHogar\\Server\\src\\API\\Server\\Startup.ts:8:71\n    at new Promise (<anonymous>)\n    at __awaiter (C:\\Users\\jimen\\Documents\\AZ\\CodeFiles\\CodeProyects\\JavaScript Proyects\\FinanzasHogar\\Server\\src\\API\\Server\\Startup.ts:4:12)\n    at Startup.ConfigurationServices (C:\\Users\\jimen\\Documents\\AZ\\CodeFiles\\CodeProyects\\JavaScript Proyects\\FinanzasHogar\\Server\\src\\API\\Server\\Startup.ts:79:78)\n    at ApplicationServer.<anonymous> (C:\\Users\\jimen\\Documents\\AZ\\CodeFiles\\CodeProyects\\JavaScript Proyects\\FinanzasHogar\\Server\\src\\JFramework\\Application\\ApplicationServer.ts:134:27)",
    "methodName": "Resolve"
  }
}
2025-02-25 09:02:24: [34m[INFO][0m | El servidor está corriendo en el puerto 5000
2025-02-25 09:02:24: [34m[INFO][0m | RedisClient Connected =>
2025-02-25 09:02:44: [34m[INFO][0m | El CONFIGURATION [ApplicationServer] ha ejecutado el método [START]
2025-02-25 09:02:44: [34m[INFO][0m | El MANAGER [ServiceManager] ha ejecutado el método [AddAplicationContext]
2025-02-25 09:02:44: [34m[INFO][0m | Resolviendo servicio: applicationContext
2025-02-25 09:02:44: [34m[INFO][0m | El MANAGER [CacheManager] ha ejecutado el método [CreateClient]
2025-02-25 09:02:44: [34m[INFO][0m | Resolviendo servicio: cacheClient
2025-02-25 09:02:44: [34m[INFO][0m | Resolviendo servicio: applicationContext
2025-02-25 09:02:44: [34m[INFO][0m | El MANAGER [RateLimiterManager] ha ejecutado el método [BuildStore]
2025-02-25 09:02:44: [34m[INFO][0m | El HANDLER [TranslatorHandler] ha ejecutado el método [Translate]
2025-02-25 09:02:44: [34m[INFO][0m | El MANAGER [ServiceManager] ha ejecutado el método [AddDataBaseConnection]
2025-02-25 09:02:44: [34m[INFO][0m | Resolviendo servicio: applicationContext
2025-02-25 09:02:44: [34m[INFO][0m | El STRATEGY DIRECTOR [DatabaseManager] ha ejecutado el método [Connect]
2025-02-25 09:02:44: [34m[INFO][0m | El STRATEGY [SqlConnectionStrategy] ha ejecutado el método [Connect]
2025-02-25 09:02:44: [34m[INFO][0m | El MANAGER [ServiceManager] ha ejecutado el método [AddApiValidation]
2025-02-25 09:02:44: [34m[INFO][0m | El MANAGER [ServiceManager] ha ejecutado el método [AddMiddleware]
2025-02-25 09:02:44: [34m[INFO][0m | El MIDDLEWARE [ApiValidationMiddleware] ha ejecutado el método [Init]
2025-02-25 09:02:44: [34m[INFO][0m | El MANAGER [ServiceManager] ha ejecutado el método [AddControllers]
2025-02-25 09:02:44: [34m[INFO][0m | El MANAGER [ServiceManager] ha ejecutado el método [AddMiddleware]
2025-02-25 09:02:44: [34m[INFO][0m | El MANAGER [ServiceManager] ha ejecutado el método [AddStrategy]
2025-02-25 09:02:44: [34m[INFO][0m | Resolviendo servicio: applicationContext
2025-02-25 09:02:44: [34m[INFO][0m | El STRATEGY DIRECTOR [ImageStrategyDirector] ha ejecutado el método [Connect]
2025-02-25 09:02:44: [34m[INFO][0m | El STRATEGY [CloudinaryImageStrategy] ha ejecutado el método [Connect]
2025-02-25 09:02:44: [34m[INFO][0m | El STRATEGY DIRECTOR [DatabaseManager] ha ejecutado el método [GetInstance]
2025-02-25 09:02:44: [34m[INFO][0m | El STRATEGY [SqlConnectionStrategy] ha ejecutado el método [GetInstance]
2025-02-25 09:02:44: [34m[INFO][0m | El servidor está corriendo en el puerto 5000
2025-02-25 09:02:44: [34m[INFO][0m | RedisClient Connected =>
2025-02-25 09:03:03: [34m[INFO][0m | El MIDDLEWARE [ApiValidationMiddleware] ha ejecutado el método [Intercept]
2025-02-25 09:03:03: [34m[INFO][0m | Resolviendo servicio: applicationContext
2025-02-25 09:03:03: [34m[INFO][0m | El MIDDLEWARE [RateLimiter] ha ejecutado el método [RateLimiter]
2025-02-25 09:03:03: [33m[WARN][0m | El MIDDLEWARE [ErrorHandlerMiddleware] ha ejecutado el método [Intercept] {}
2025-02-25 09:03:07: [34m[INFO][0m | El MIDDLEWARE [ApiValidationMiddleware] ha ejecutado el método [Intercept]
2025-02-25 09:03:07: [34m[INFO][0m | Resolviendo servicio: applicationContext
2025-02-25 09:03:07: [34m[INFO][0m | El MIDDLEWARE [RateLimiter] ha ejecutado el método [RateLimiter]
2025-02-25 09:03:07: [33m[WARN][0m | El MIDDLEWARE [ErrorHandlerMiddleware] ha ejecutado el método [Intercept] {}
2025-02-25 09:03:08: [34m[INFO][0m | El MIDDLEWARE [ApiValidationMiddleware] ha ejecutado el método [Intercept]
2025-02-25 09:03:08: [34m[INFO][0m | Resolviendo servicio: applicationContext
2025-02-25 09:03:08: [34m[INFO][0m | El MIDDLEWARE [RateLimiter] ha ejecutado el método [RateLimiter]
2025-02-25 09:03:08: [33m[WARN][0m | El MIDDLEWARE [ErrorHandlerMiddleware] ha ejecutado el método [Intercept] {}
2025-02-25 09:03:09: [34m[INFO][0m | El MIDDLEWARE [ApiValidationMiddleware] ha ejecutado el método [Intercept]
2025-02-25 09:03:09: [34m[INFO][0m | Resolviendo servicio: applicationContext
2025-02-25 09:03:09: [34m[INFO][0m | El MIDDLEWARE [RateLimiter] ha ejecutado el método [RateLimiter]
2025-02-25 09:03:09: [33m[WARN][0m | El MIDDLEWARE [ErrorHandlerMiddleware] ha ejecutado el método [Intercept] {}
2025-02-25 09:03:53: [34m[INFO][0m | El CONFIGURATION [ApplicationServer] ha ejecutado el método [START]
2025-02-25 09:03:53: [34m[INFO][0m | El MANAGER [ServiceManager] ha ejecutado el método [AddAplicationContext]
2025-02-25 09:03:53: [34m[INFO][0m | Resolviendo servicio: applicationContext
2025-02-25 09:03:53: [34m[INFO][0m | El MANAGER [CacheManager] ha ejecutado el método [CreateClient]
2025-02-25 09:03:53: [34m[INFO][0m | Resolviendo servicio: cacheClient
2025-02-25 09:03:53: [34m[INFO][0m | Resolviendo servicio: applicationContext
2025-02-25 09:03:53: [34m[INFO][0m | El MANAGER [RateLimiterManager] ha ejecutado el método [BuildStore]
2025-02-25 09:03:53: [34m[INFO][0m | El HANDLER [TranslatorHandler] ha ejecutado el método [Translate]
2025-02-25 09:03:53: [34m[INFO][0m | El MANAGER [ServiceManager] ha ejecutado el método [AddDataBaseConnection]
2025-02-25 09:03:53: [34m[INFO][0m | Resolviendo servicio: applicationContext
2025-02-25 09:03:53: [34m[INFO][0m | El STRATEGY DIRECTOR [DatabaseManager] ha ejecutado el método [Connect]
2025-02-25 09:03:53: [34m[INFO][0m | El STRATEGY [SqlConnectionStrategy] ha ejecutado el método [Connect]
2025-02-25 09:03:53: [34m[INFO][0m | El MANAGER [ServiceManager] ha ejecutado el método [AddApiValidation]
2025-02-25 09:03:53: [34m[INFO][0m | El MANAGER [ServiceManager] ha ejecutado el método [AddMiddleware]
2025-02-25 09:03:53: [34m[INFO][0m | El MIDDLEWARE [ApiValidationMiddleware] ha ejecutado el método [Init]
2025-02-25 09:03:53: [34m[INFO][0m | El MANAGER [ServiceManager] ha ejecutado el método [AddControllers]
2025-02-25 09:03:53: [34m[INFO][0m | El MANAGER [ServiceManager] ha ejecutado el método [AddMiddleware]
2025-02-25 09:03:53: [34m[INFO][0m | El MANAGER [ServiceManager] ha ejecutado el método [AddStrategy]
2025-02-25 09:03:53: [34m[INFO][0m | Resolviendo servicio: applicationContext
2025-02-25 09:03:53: [34m[INFO][0m | El STRATEGY DIRECTOR [ImageStrategyDirector] ha ejecutado el método [Connect]
2025-02-25 09:03:53: [34m[INFO][0m | El STRATEGY [CloudinaryImageStrategy] ha ejecutado el método [Connect]
2025-02-25 09:03:53: [34m[INFO][0m | El STRATEGY DIRECTOR [DatabaseManager] ha ejecutado el método [GetInstance]
2025-02-25 09:03:53: [34m[INFO][0m | El STRATEGY [SqlConnectionStrategy] ha ejecutado el método [GetInstance]
2025-02-25 09:03:53: [34m[INFO][0m | El servidor está corriendo en el puerto 5000
2025-02-25 09:03:53: [34m[INFO][0m | RedisClient Connected =>
2025-02-25 09:03:58: [34m[INFO][0m | El MIDDLEWARE [ApiValidationMiddleware] ha ejecutado el método [Intercept]
2025-02-25 09:03:58: [34m[INFO][0m | Resolviendo servicio: applicationContext
2025-02-25 09:03:58: [34m[INFO][0m | El MIDDLEWARE [RateLimiter] ha ejecutado el método [RateLimiter]
2025-02-25 09:03:58: Rate => [AsyncFunction (anonymous)] {
  resetKey: [Function: bound resetKey] AsyncFunction,
  getKey: [Function: bound get] AsyncFunction
}
2025-02-25 09:03:58: [33m[WARN][0m | El MIDDLEWARE [ErrorHandlerMiddleware] ha ejecutado el método [Intercept] {}
